         w __deregister_frame_info
         w __register_frame_info
         w userAppExit
         w userAppInit
00000000 00000401 B __ctru_dev_path_buf
00000000 b _TLS_MODULE_BASE_
00000000 a shift
00000000 a shift
00000404 00000802 B __ctru_dev_utf16_buf
00100000 A __start__
00100000 T _start
00100008 T __service_ptr
0010000c T __apt_appid
00100010 T __heap_size
00100014 T __linear_heap_size
00100018 T __system_arglist
0010001c T __system_runflags
00100020 t startup
00100058 t ClearMem
0010006c t ClrLoop
00100094 T _init
001000ac T __aeabi_idiv
001000ac 00000220 T __divsi3
001000b4 t .divsi3_skip_div0_test
001002cc 00000020 T __aeabi_idivmod
001002ec 00000004 W __aeabi_idiv0
001002ec 00000004 W __aeabi_ldiv0
001002f0 T __aeabi_drsub
001002f8 000002b0 T __aeabi_dsub
001002f8 000002b0 T __subdf3
001002fc 000002ac T __adddf3
001002fc 000002ac T __aeabi_dadd
001005a8 00000024 T __aeabi_ui2d
001005a8 00000024 T __floatunsidf
001005cc 00000028 T __aeabi_i2d
001005cc 00000028 T __floatsidf
001005f4 00000048 T __aeabi_f2d
001005f4 00000048 T __extendsfdf2
0010063c 00000074 T __aeabi_ul2d
0010063c 00000074 T __floatundidf
00100650 00000060 T __aeabi_l2d
00100650 00000060 T __floatdidf
001006b0 T __aeabi_ldivmod
00100784 T __aeabi_uldivmod
001007c8 00000390 T strcmp
00100b50 t .udivsi3_skip_div0_test
00100b50 T __aeabi_uidiv
00100b50 000001ec T __udivsi3
00100d3c 00000020 T __aeabi_uidivmod
00100d5c t __do_global_dtors_aux
00100d9c t frame_dummy
00100dc8 00000108 T drawBranch
00100ed0 00000444 T main
00101314 00000034 t C2Di_FrameEndHook
00101348 00000330 T C2D_Init
00101678 00000044 T C2D_Fini
001016bc 000000d0 T C2D_Prepare
0010178c 0000003c T C2D_Flush
001017c8 00000108 T C2D_SceneSize
001018d0 00000058 T C2D_CreateScreenTarget
00101928 00000058 T C2D_TargetClear
00101980 0000022c T C2Di_Update
00101bac 00000220 T C2D_DrawLine
00101dcc 00000004 W C3Di_LightEnvUpdate
00101dd0 00000004 W C3Di_LightEnvDirty
00101dd4 000000b4 t C3Di_AptEventHook
00101e88 00000004 W C3Di_GasUpdate
00101e8c 000001e0 T C3D_Init
0010206c 00000098 T C3D_SetViewport
00102104 000004ec T C3Di_UpdateContext
001025f0 000000e0 T C3Di_SplitFrame
001026d0 00000044 T C3D_Fini
00102714 00000108 T C3D_BindProgram
0010281c 0000004c t onVBlank0
00102868 0000004c t onVBlank1
001028b4 00000080 t C3Di_RenderTargetDestroy
00102934 000000f4 t onQueueFinish
00102a28 00000038 T C3Di_RenderQueueEnableVBlank
00102a60 00000030 T C3Di_RenderQueueDisableVBlank
00102a90 00000060 T C3Di_RenderQueueInit
00102af0 000000b0 T C3Di_RenderQueueExit
00102ba0 00000034 T C3Di_RenderQueueWaitDone
00102bd4 000000e4 T C3D_FrameBegin
00102cb8 00000048 T C3D_FrameDrawOn
00102d00 00000058 T C3D_FrameSplit
00102d58 000001d8 T C3D_FrameEnd
00102f30 0000001c T C3D_FrameEndHook
00102f4c 00000128 T C3D_RenderTargetCreate
00103074 000000a8 T C3D_RenderTargetSetOutput
0010311c 00000044 T C3D_TexBind
00103160 0000016c T C3Di_SetTex
001032cc 0000001c T C3D_CalcColorBufSize
001032e8 0000001c T C3D_CalcDepthBufSize
00103304 00000044 T C3D_SetFrameBuf
00103348 0000016c T C3Di_FrameBufBind
001034b4 000000cc T C3D_FrameBufClear
00103580 00000044 T C3D_FrameBufTransfer
001035c4 00000034 T C3D_GetTexEnv
001035f8 00000024 T C3Di_TexEnvBind
0010361c 00000070 T C3D_ProcTexInit
0010368c 00000054 T C3D_ProcTexBind
001036e0 0000005c T C3D_ProcTexLutBind
0010373c 000000a4 T ProcTexLut_FromArray
001037e0 0000017c T C3Di_ProcTexUpdate
0010395c 00000068 T C3Di_ProcTexDirty
001039c4 00000024 T BufInfo_Init
001039e8 00000080 T BufInfo_Add
00103a68 00000040 T C3D_SetBufInfo
00103aa8 00000048 T C3Di_BufInfoBind
00103af0 00000148 T C3D_DrawArrays
00103c38 00000040 T C3D_DepthMap
00103c78 0000001c T C3D_CullFace
00103c94 00000040 T C3D_StencilTest
00103cd4 00000024 T C3D_StencilOp
00103cf8 0000001c T C3D_BlendingColor
00103d14 00000024 T C3D_EarlyDepthTest
00103d38 0000002c T C3D_DepthTest
00103d64 0000002c T C3D_AlphaTest
00103d90 00000050 T C3D_AlphaBlend
00103de0 00000030 T C3D_FragOpMode
00103e10 00000044 T C3D_FragOpShadow
00103e54 000001ac T C3Di_EffectBind
00104000 00000028 T AttrInfo_Init
00104028 00000098 T AttrInfo_AddLoader
001040c0 00000054 T C3D_SetAttrInfo
00104114 00000080 T C3Di_AttrInfoBind
00104194 000000a8 T C3D_ImmSendAttrib
0010423c 0000029c T C3D_UpdateUniforms
001044d8 000000c0 T C3Di_DirtyUniforms
00104598 000000d8 T C3Di_LoadShaderUniforms
00104670 00000028 T C3Di_ClearShaderUniforms
00104698 000000cc T Mtx_Ortho
00104764 000000cc T Mtx_OrthoTilt
00104830 00000024 t addrMapNodeComparator(rbtree_node const*, rbtree_node const*)
00104854 00000004 t addrMapNodeDestructor(rbtree_node*)
00104858 00000114 T vramMemAlign
0010496c 00000008 T vramAlloc
00104974 0000005c T vramFree
001049d0 00000024 t addrMapNodeComparator(rbtree_node const*, rbtree_node const*)
001049f4 00000004 t addrMapNodeDestructor(rbtree_node*)
001049f8 00000120 T linearMemAlign
00104b18 00000008 T linearAlloc
00104b20 0000005c T linearFree
00104b7c 00000084 T MemPool::CoalesceRight(MemBlock*)
00104c00 00000170 T MemPool::Allocate(MemChunk&, unsigned long, int)
00104d70 000000fc T MemPool::Deallocate(MemChunk const&)
00104e6c 00000074 T osConvertVirtToPhys
00104ee0 00000054 T osGetTimeRef
00104f34 000000e4 T osGetTime
00105018 00000074 T __libctru_gtod
0010508c 00000034 T __ctru_speedup_config
001050c0 00000178 T consoleDrawChar
00105238 00000124 T consolePrintChar
0010535c 00000a00 T con_write
00105d5c 00000168 T consoleInit
00105ec4 000000f4 t newRow
00105fb8 000000d0 t gfxPresentFramebuffer
00106088 0000001c T gfxIsWide
001060a4 000000ec T gfxSetScreenFormat
00106190 00000010 T gfxSetDoubleBuffering
001061a0 00000108 T gfxInit
001062a8 00000010 T gfxInitDefault
001062b8 000000b4 T gfxExit
0010636c 000000a0 T gfxGetFramebuffer
0010640c 0000010c T gfxFlushBuffers
00106518 00000030 T gfxScreenSwapBuffers
00106548 00000050 T gfxSwapBuffersGpu
00106598 000001e0 T shaderInstanceInit
00106778 00000018 T shaderInstanceGetUniformLocation
00106790 0000001c T shaderProgramInit
001067ac 00000064 T shaderProgramFree
00106810 00000080 T shaderProgramSetVsh
00106890 000008c0 T shaderProgramConfigure
00107150 000001f8 t DVLE_GenerateOutmap.part.0
00107348 000001cc T DVLB_ParseFile
00107514 00000038 T DVLB_Free
0010754c 00000074 T DVLE_GetUniformRegister
001075c0 00000010 T GX_BindQueue
001075d0 00000078 T GX_ProcessCommandList
00107648 00000074 T GX_MemoryFill
001076bc 00000070 T GX_DisplayTransfer
0010772c 00000068 t gxCmdQueueDoCommands.part.0
00107794 000000c8 T gxCmdQueueInterrupt
0010785c 0000004c T gxCmdQueueClear
001078a8 000000f8 T gxCmdQueueAdd
001079a0 00000080 T gxCmdQueueRun
00107a20 00000060 T gxCmdQueueStop
00107a80 00000074 T gxCmdQueueWait
00107af4 0000013c T GPUCMD_Add
00107c30 000000ac T GPUCMD_Split
00107cdc 00000040 T f32tof16
00107d1c 00000040 T f32tof24
00107d5c 00000044 T f32tof31
00107da0 00000c58 t gspHardwareInit
001089f8 00000254 T gspInit
00108c4c 000000f0 T gspExit
00108d3c 00000010 T gspHasGpuRight
00108d4c 00000098 T gspPresentBuffer
00108de4 00000030 T gspSetEventCallback
00108e14 00000050 T gspWaitForEvent
00108e64 0000004c T gspWaitForAnyEvent
00108eb0 00000160 t gspEventThreadMain
00109010 00000130 T gspSubmitGxCommand
00109140 00000050 T GSPGPU_FlushDataCache
00109190 00000034 T GSPGPU_SetLcdForceBlack
001091c4 00000068 T GSPGPU_AcquireRight
0010922c 00000048 T GSPGPU_ReleaseRight
00109274 0000007c T GSPGPU_ImportDisplayCaptureInfo
001092f0 0000002c T GSPGPU_SaveVramSysArea
0010931c 0000002c T GSPGPU_RestoreVramSysArea
00109348 000001b0 t aptConvertScreenForCapture
001094f8 00000008 W aptDspSleep
00109500 00000004 W aptDspWakeup
00109504 00000004 W aptDspCancel
00109508 0000015c T aptSendCommand
00109664 00000038 t aptExitProcess
0010969c 000002f0 T aptExit
0010998c 000000d8 T aptHandleSleep
00109a64 00000030 T aptHook
00109a94 00000030 T aptUnhook
00109ac4 00000084 T APT_SleepIfShellClosed
00109b48 00000084 T aptSetSleepAllowed
00109bcc 00000084 T APT_UnlockTransition
00109c50 00000484 t aptEventHandler
0010a0d4 000000b0 T APT_ReceiveParameter
0010a184 000000b0 t aptReceiveParameter.constprop.0
0010a238 000002bc t aptScreenTransfer
0010a4f4 000002d0 t aptWaitForWakeUp.isra.0
0010a7c4 000000f8 T aptJumpToHomeMenu
0010a8bc 0000004c T aptMainLoop
0010a908 00000234 T aptInit
0010ab3c 0000007c T APT_CheckNew3DS
0010abb8 00000024 W hidShouldUseIrrst
0010abdc 0000018c T hidInit
0010ad68 000000e8 T hidExit
0010ae50 00000294 T hidScanInput
0010b0e4 00000010 T hidKeysHeld
0010b0f4 00000010 T hidKeysDown
0010b104 00000074 T ptmSysmInit
0010b178 0000003c T ptmSysmExit
0010b1b4 00000034 T PTMSYSM_ConfigureNew3DSCPU
0010b1e8 00000010 T rbtree_init
0010b1f8 000001a0 t do_insert
0010b398 00000008 T rbtree_insert
0010b3a0 00000090 T rbtree_rotate
0010b430 00000338 T rbtree_remove
0010b768 00000074 T rbtree_find
0010b7e0 000001e0 W __system_allocateHeaps
0010b9c0 00000038 W __libctru_init
0010b9f8 000000f0 W __system_initArgv
0010bae8 T svcControlMemory
0010bb08 T svcQueryMemory
0010bb38 T svcExitProcess
0010bb40 T svcCreateThread
0010bb60 T svcExitThread
0010bb68 T svcSleepThread
0010bb70 T svcReleaseMutex
0010bb78 T svcCreateEvent
0010bb8c T svcSignalEvent
0010bb94 T svcClearEvent
0010bb9c T svcMapMemoryBlock
0010bba4 T svcUnmapMemoryBlock
0010bbac T svcCreateAddressArbiter
0010bbc0 T svcArbitrateAddressNoTimeout
0010bbc8 T svcCloseHandle
0010bbd0 T svcWaitSynchronization
0010bbd8 T svcWaitSynchronizationN
0010bc00 T svcDuplicateHandle
0010bc14 T svcGetSystemTick
0010bc1c T svcConnectToPort
0010bc30 T svcSendSyncRequest
0010bc38 T svcGetResourceLimit
0010bc4c T svcGetResourceLimitLimitValues
0010bc54 T svcGetResourceLimitCurrentValues
0010bc5c T svcBreak
0010bc64 W initSystem
0010bcb4 W __ctru_exit
0010bccc 0000000c T __sync_init
0010bcd8 00000018 T __sync_fini
0010bcf0 0000002c T syncArbitrateAddress
0010bd1c 0000001c T LightLock_Init
0010bd38 00000094 T LightLock_Lock
0010bdcc 00000044 T LightLock_TryLock
0010be10 00000040 T LightLock_Unlock
0010be50 00000024 T RecursiveLock_Init
0010be74 00000030 T RecursiveLock_Lock
0010bea4 00000078 T RecursiveLock_TryLock
0010bf1c 00000054 T RecursiveLock_Unlock
0010bf70 00000040 T LightEvent_Init
0010bfb0 000000a4 T LightEvent_Clear
0010c054 000000c8 T LightEvent_Signal
0010c11c 00000058 T LightEvent_TryWait
0010c174 000000b0 T LightEvent_Wait
0010c224 00000124 T srvInit
0010c348 00000058 T srvExit
0010c3a0 00000080 T srvGetServiceHandleDirect
0010c420 00000048 T srvGetServiceHandle
0010c468 00000038 T srvPublishToSubscriber
0010c4a0 00000188 T threadCreate
0010c628 0000002c T threadFree
0010c654 00000024 T threadJoin
0010c678 00000030 T threadGetCurrent
0010c6a8 00000040 T threadExit
0010c6e8 00000044 t _thread_begin
0010c72c 00000094 t mappableFindAddressWithin
0010c7c0 00000028 T mappableInit
0010c7e8 00000080 T mappableAlloc
0010c868 00000004 T mappableFree
0010c86c 00000160 T irrstInit
0010c9cc 000000cc T irrstExit
0010ca98 000000b0 T irrstScanInput
0010cb48 00000024 T irrstKeysHeld
0010cb6c 0000000c T srvPmGetSessionHandle
0010cb78 00000050 T rbtree_node_next
0010cbc8 00000030 W __appInit
0010cbf8 00000030 t __libctru_nanosleep
0010cc28 00000030 t __libctru_get_reent
0010cc58 000000f8 T __system_initSyscalls
0010cd50 00000030 W __appExit
0010cd80 00000090 W __libctru_exit
0010ce10 00000084 W envGetHandle
0010ce94 00000050 W envDestroyHandles
0010cee4 00000014 t archive_link
0010cef8 00000014 t archive_dirreset
0010cf0c 00000014 t archive_chmod
0010cf20 00000024 t error_cmp
0010cf44 00000050 t archive_translate_error
0010cf94 000000d4 t archive_seek
0010d068 0000007c t _archiveInit.part.0
0010d0e4 0000008c t archiveFindDevice.part.0
0010d170 00000294 t archive_utf16path
0010d404 000000a0 t _archiveUnmountDeviceStruct.part.0
0010d4a4 00000014 t archive_fchmod
0010d4b8 00000014 t archive_statvfs
0010d4cc 00000158 t _archiveMountDevice
0010d624 000000e8 t archive_diropen
0010d70c 000000a4 t archive_fstat
0010d7b0 0000006c t archive_close
0010d81c 0000006c t archive_fsync
0010d888 00000070 t archive_dirclose
0010d8f8 000000e8 t sdmc_statvfs
0010d9e0 00000080 t archive_ftruncate
0010da60 000000fc t archive_chdir
0010db5c 000000b0 t archive_read
0010dc0c 000000ac t archive_unlink
0010dcb8 000000c8 t archive_rmdir
0010dd80 000000ec t archive_mkdir
0010de6c 000001a8 t archive_stat
0010e014 00000184 t archive_rename
0010e198 00000168 t archive_dirnext
0010e300 0000012c t archive_write
0010e42c 000001f0 t archive_open
0010e61c 000001a4 T archiveMountSdmc
0010e7c0 00000054 T archiveUnmountAll
0010e814 000000c8 T fsInit
0010e8dc 0000003c T fsExit
0010e918 00000060 T fsExemptFromSession
0010e978 00000050 T fsUnexemptFromSession
0010e9c8 000000cc T FSUSER_OpenFile
0010ea94 000000bc T FSUSER_DeleteFile
0010eb50 000000f8 T FSUSER_RenameFile
0010ec48 000000bc T FSUSER_DeleteDirectory
0010ed04 000000d4 T FSUSER_CreateFile
0010edd8 000000c4 T FSUSER_CreateDirectory
0010ee9c 000000f8 T FSUSER_RenameDirectory
0010ef94 000000b4 T FSUSER_OpenDirectory
0010f048 00000094 T FSUSER_OpenArchive
0010f0dc 0000008c T FSUSER_CloseArchive
0010f168 00000074 T FSUSER_GetSdmcArchiveResource
0010f1dc 00000064 T FSUSER_IsSdmcWritable
0010f240 00000058 T FSFILE_Read
0010f298 00000060 T FSFILE_Write
0010f2f8 00000038 T FSFILE_GetSize
0010f330 00000028 T FSFILE_SetSize
0010f358 0000003c T FSFILE_Close
0010f394 00000024 T FSFILE_Flush
0010f3b8 00000050 T FSDIR_Read
0010f408 0000003c T FSDIR_Close
0010f444 000000e8 T utf16_to_utf8
0010f52c 00000064 T decode_utf16
0010f590 0000013c T decode_utf8
0010f6cc 000000c0 T utf8_to_utf16
0010f78c T __aeabi_read_tp
0010f798 00000060 T encode_utf16
0010f7f8 000000fc T encode_utf8
0010f8f8 000000c0 T cos
0010f9b8 000000c8 T sin
0010fa80 00000070 T sqrtf
0010faf0 00000008 T __ieee754_sqrtf
0010faf8 00000328 T __ieee754_rem_pio2
0010fe20 00000158 T __kernel_cos
0010ff78 0000088c T __kernel_rem_pio2
00110808 000000c0 T __kernel_sin
001108c8 00000014 T fabs
001108e0 00000164 T floor
00110a48 00000138 T scalbn
00110b80 00000120 T __udivmoddi4
00110ca0 00000078 T bsearch
00110d18 00000028 T calloc
00110d40 00000094 T _calloc_r
00110dd4 0000000c T __errno
00110de0 00000034 T exit
00110e14 0000003c T __libc_fini_array
00110e50 0000007c T __libc_init_array
00110ecc 00000028 T memalign
00110ef4 00000148 T _memalign_r
0011103c 00000020 T malloc
0011105c 00000020 T free
0011107c 000007f0 T _malloc_r
0011186c 000000e0 T memchr
0011194c 0000011c T memcpy
00111a68 00000118 T memset
00111b80 0000000c T __malloc_lock
00111b8c 0000000c T __malloc_unlock
00111b98 00000034 T printf
00111bcc 00000260 T setvbuf
00111e2c 00000074 T sscanf
00111ea0 00000044 T __sread
00111ee4 00000008 T __seofread
00111eec 00000068 T __swrite
00111f54 00000048 T __sseek
00111f9c 00000008 T __sclose
00111fa4 0000005c T strlen
00112000 000000ec T strncat
001120ec 000000dc T strncmp
001121c8 000000c0 T strncpy
00112288 00000048 T strnlen
001122d0 00000050 t get_arg
00112320 00002b68 T __ssvfscanf_r
00114e88 0000064c t get_arg
001154d4 00000034 T __sprint_r
00115508 00002584 T _vfiprintf_r
00117a8c 000000d4 t __sbprintf
00117b60 0000064c t get_arg
001181b0 000038d4 T _vfprintf_r
0011ba84 000000d4 t __sbprintf
0011bb58 00000054 T _wcrtomb_r
0011bbac 00000028 T _wcsrtombs_r
0011bbd4 00000154 T __swsetup_r
0011bd28 00000114 T __call_exitprocs
0011be3c 000001a8 t quorem
0011bfe8 000012ec T _dtoa_r
0011d2d4 00000258 T __sflush_r
0011d52c 00000094 T _fflush_r
0011d5c0 0000000c T _cleanup_r
0011d5cc 00000184 T __sinit
0011d750 0000000c T __sfp_lock_acquire
0011d75c 0000000c T __sfp_lock_release
0011d768 000000f8 T _malloc_trim_r
0011d860 000002e4 T _free_r
0011db44 000004a4 T __sfvwrite_r
0011dfe8 00000070 T _fwalk_reent
0011e058 00000008 T iswspace
0011e060 0000000c T _localeconv_r
0011e06c 00000010 T __locale_mb_cur_max
0011e07c 00000138 T __smakebuf_r
0011e1b4 00000094 T __swhatbuf_r
0011e248 00000068 T _mbrtowc_r
0011e2b0 000002fc T __utf8_mbtowc
0011e5ac 00000154 T memmove
0011e700 00000088 T _Balloc
0011e788 0000001c T _Bfree
0011e7a4 000000f4 T __multadd
0011e898 00000110 T __s2b
0011e9a8 00000058 T __hi0bits
0011ea00 0000009c T __lo0bits
0011ea9c 000000a4 T __i2b
0011eb40 00000204 T __multiply
0011ed44 00000120 T __pow5mult
0011ee64 0000013c T __lshift
0011efa0 00000058 T __mcmp
0011eff8 000001cc T __mdiff
0011f1c4 00000088 T __ulp
0011f24c 000000d4 T __b2d
0011f320 0000012c T __d2b
0011f44c 00000078 T __ratio
0011f4c4 00000088 T __copybits
0011f54c 0000005c T __any_on
0011f5a8 00000028 T realloc
0011f5d0 00000598 T _realloc_r
0011fb68 000000e4 T __sccl
0011fc4c 0000000c T nanf
0011fc58 000000a8 T frexp
0011fd00 00000064 T sprintf
0011fd64 000000b8 T stpncpy
0011fe1c 00000144 T strchr
0011ff60 0000130c T _strtod_l
0012126c 0000000c T _strtod_r
00121278 0000022c t _strtoll_l.constprop.0
001214a4 00000004 T _strtoll_r
001214a8 000001b0 t _strtol_l.part.0
00121658 0000003c T _strtol_r
00121694 00000244 t _strtoull_l.constprop.0
001218d8 00000004 T _strtoull_r
001218dc 000001c8 t _strtoul_l.constprop.0
00121aa4 00000004 T _strtoul_r
00121aa8 00000188 T __ssprint_r
00121c30 000000e0 T _sungetc_r
00121d10 0000006c T __ssrefill_r
00121d7c 000000c8 T _sfread_r
00121e44 0000064c t get_arg
00122490 00003808 T _svfprintf_r
00125c98 000000a8 T __submore
00125d40 00000190 T _wcsnrtombs_l
00125ed0 0000004c T _wcsnrtombs_r
00125f1c 000000f0 T __utf8_wctomb
0012600c 0000005c T __assert_func
00126068 00000160 T _fclose_r
001261c8 0000003c T fiprintf
00126204 000000ec t rshift
001262f0 00000928 T __gethex
00126c18 0000004c T __match
00126c64 0000029c T __hexnan
00126f00 0000003c T iswspace_l
00126f3c 000001d4 t __jp2uc
00127110 0000009c T _jp2uc_l
001271b0 00000010 T nan
001271c0 00000014 T abort
001271d4 00000084 T category
00127258 00000098 T _raise_r
001272f0 00000020 T raise
00127310 00000008 t null_write
00127318 00000018 T setDefaultDevice
00127330 000000c8 T FindDevice
001273f8 00000028 T RemoveDevice
00127420 0000009c T AddDevice
001274bc 00000020 T GetDeviceOpTab
001274dc 00000078 T _fstat_r
00127554 00000014 T _getpid_r
00127568 00000008 T _isatty_r
00127570 00000014 T _kill_r
00127584 00000084 T _lseek_r
00127608 00000080 T _read_r
00127688 00000078 T _sbrk_r
00127700 00000080 T _write_r
00127780 00000024 T _exit
001277a4 000001b8 T _concatenate_path
0012795c 00000160 T chdir
00127abc 00000008 T __flockfile
00127ac4 00000008 T __funlockfile
00127acc 00000018 T __libc_lock_acquire
00127ae4 00000018 T __libc_lock_release
00127afc 00000018 T __libc_lock_init_recursive
00127b14 00000018 T __libc_lock_acquire_recursive
00127b2c 00000018 T __libc_lock_release_recursive
00127b44 00000018 T __libc_lock_close_recursive
00127b5c 0000003c T __get_handle
00127b98 000000f4 T _close_r
00127c8c 00000028 T __getreent
00127cb4 00000038 T __aeabi_d2lz
00127cb4 00000038 T __fixdfdi
00127cf0 00000040 T __aeabi_d2ulz
00127cf0 00000040 T __fixunsdfdi
00127d30 00000044 T strrchr
00127d74 T _fini
00128054 r .LC2
0012812c R render2d_shbin
001282b8 R render2d_shbin_end
001282b8 R render2d_shbin_size
001282bc 00000005 r colorFmtSizes
001282c4 00000004 r depthFmtSizes
001282c8 00000010 r CSWTCH.9
0012833c 00000030 r colorTable
0012836c 00000070 r dotab_stdout
00128400 00000008 r morton_x.3
00128408 00000008 r morton_y.2
00128410 00000008 r s_sleepWakeEvents.4
0012843c R default_font_bin
00128c3c R default_font_bin_end
00128c68 00000070 r archive_devoptab
00128cd8 00000030 r error_table
00128d10 00000080 r npio2_hw
00128d90 00000108 r two_over_pi
00128e98 00000040 r PIo2
00128ed8 00000010 r init_jk
00128ee8 00000004 R _global_impure_ptr
00128ef4 00000022 r basefix.0
00128f40 00000010 r blanks.1
00128f50 00000010 r zeroes.0
00128f74 00000010 r blanks.1
00128f84 00000010 r zeroes.0
00128f94 00000101 R _ctype_
00129188 00000028 R __mprec_bigtens
001291b0 000000c8 R __mprec_tens
00129278 0000000c r p05.0
00129294 00000014 r fpi.1
001292a8 00000014 r fpinan.0
001292c0 00000028 r tinytens
001292e8 0000006c R __action_table
00129354 00000100 R __chclass
00129454 0000006c R __state_table
001294c0 00000010 r blanks.1
001294d0 00000010 r zeroes.0
00129568 00000100 R __hexdig
0012967c 000000bc r a1
00129738 000000bc r a2
001297f4 0000005b r a3
00129850 00000070 r a6
001298c0 000000a2 r a7
00129964 00000040 r a8
001299a4 0000172a r b02cf
0012b0d0 00001a7c r d02f4
0012cb4c 0000000c R _C_numeric_locale
0012cb58 000031e6 r categories
0012fd40 00000070 R dotab_stdnull
0012fdb0 r 
0012fdb0 R __exidx_end
0012fdb0 R __exidx_start
00130000 00000004 d framerate
00130004 00000008 d framerateCounter
0013000c 00000004 D currentConsole
00130010 0000004c D defaultConsole
0013005c 00000001 d firstConsoleInit.0
00130060 00000004 d queueLock
00130064 00000004 d kCount
00130068 00000004 d kDelay
0013006c 00000004 d kInterval
00130070 W __stacksize__
00130074 00000001 D __fdlib_version
00130078 00000004 D _impure_ptr
00130080 00000460 d impure_data
001304e0 00000408 D __malloc_av_
001308e8 00000004 D __malloc_sbrk_base
001308ec 00000004 D __malloc_trim_threshold
001308f0 0000000c d __malloc_recursive_mutex
001308fc 0000000c D __atexit_recursive_mutex
00130908 0000000c d __sfp_recursive_mutex
00130914 0000000c d __sinit_recursive_mutex
00130920 0000016c D __global_locale
00130a8c 00000002 d numempty
00130a90 00000004 d defaultDevice
00130a94 0000008c D devoptab_list
00130b20 00000400 d _current_working_directory
00130f20 00000004 d __hndl_lock
00130f24 0000000c d __stderr_handle
00130f30 0000000c d __stdin_handle
00130f3c 0000000c d __stdout_handle
00130f48 00001000 d handles
00131f50 d _GLOBAL_OFFSET_TABLE_
00131f5c d __frame_dummy_init_array_entry
00131f5c D __init_array_start
00131f5c B __preinit_array_end
00131f5c B __preinit_array_start
00131f5c D __tdata_lma
00131f5c D __tdata_lma_end
00131f60 d __do_global_dtors_aux_fini_array_entry
00131f60 D __fini_array_start
00131f60 D __init_array_end
00131f64 D __bss_start__
00131f64 D __fini_array_end
00131f64 00000004 B growth
00131f68 00000004 B lean
00131f6c 00000004 B levels
00131f70 00000004 B length
00131f74 00000002 B color
00131f76 b completed.1
00131f78 b object.0
00131f90 000005a0 B __C2Di_Context
00132530 00000040 b s_projBot
00132570 00000040 b s_projTop
001325b0 00000004 b uLoc_mdlvMtx
001325b4 00000004 b uLoc_projMtx
001325b8 000002d0 B __C3D_Context
00132888 0000000c b hookCookie
00132898 00000010 b cpuTime
001328a8 00000004 b firstTarget
001328ac 00000008 b frameCounter
001328b4 00000004 b frameEndCb
001328b8 00000004 b frameEndCbData
001328c0 00000010 b gpuTime
001328d0 00000001 b inFrame
001328d1 00000001 b inSafeTransfer
001328d2 00000001 b isTopStereo
001328d4 00000004 b lastTarget
001328d8 0000000c b linkedTarget
001328e4 00000001 b measureGpuTime
001328e5 00000001 b needSwapBot
001328e6 00000001 b needSwapTop
001328e8 00000004 B C3D_BoolUnifs
001328ec 00000002 B C3D_BoolUnifsDirty
001328f0 00000c00 B C3D_FVUnif
001334f0 000000c0 B C3D_FVUnifDirty
001335b0 00000020 B C3D_IVUnif
001335d0 00000008 B C3D_IVUnifDirty
001335d8 000000c0 b C3Di_FVUnifEverDirty
00133698 00000008 b C3Di_IVUnifEverDirty
001336a0 00000018 b C3Di_ShaderFVecData
001336b8 0000000c b sAddrMap
001336c4 00000008 b sVramPool
001336cc 00000008 b sLinearPool
001336d4 0000000c b sAddrMap
001336e0 00000001 V __ctru_speedup
001336e4 0000004c B currentCopy
00133730 00000004 b gfxBottomFramebufferMaxSize
00133734 00000008 b gfxBottomFramebuffers
0013373c 00000002 b gfxCurBuf
00133740 00000002 b gfxFramebufferFormats
00133744 00000002 b gfxIsDoubleBuf
00133746 00000001 b gfxIsVram
00133748 00000004 b gfxTopFramebufferMaxSize
0013374c 00000008 b gfxTopFramebuffers
00133754 00000001 b gfxTopMode
00133758 00000004 b screenAlloc
0013375c 00000004 b screenFree
00133760 00000004 b boundQueue
00133764 00000004 b curQueue
00133768 00000001 b isActive
00133769 00000001 b isRunning
0013376a 00000001 b shouldStop
0013376c 00000004 B gpuCmdBuf
00133770 00000004 B gpuCmdBufOffset
00133774 00000004 B gpuCmdBufSize
00133778 00000004 b gspEvent
0013377c 0000001c b gspEventCb
00133798 0000001c b gspEventCbData
001337b4 00000007 b gspEventCbOneShot
001337bc 00000004 b gspEventThread
001337c0 00000038 b gspEvents
001337f8 00000004 b gspGpuHandle
001337fc 00000001 b gspGpuRight
00133800 00000004 b gspLastEvent
00133804 00000004 b gspRefCount
00133808 00000001 b gspRunEvents
0013380c 00000004 b gspSharedMem
00133810 00000004 b gspSharedMemHandle
00133814 00000001 b gspThreadId
00133815 00000001 b aptChainloadFlags
00133816 00000001 b aptChainloadMediatype
00133818 00000008 b aptChainloadTid
00133820 00000004 b aptEventHandlerThread
00133824 00000001 b aptEventHandlerThreadQuit
00133828 00000008 b aptEvents
00133830 0000000c b aptFirstHook
0013383c 00000004 b aptFlags
00133840 00000001 b aptHomeButtonState
00133844 00000004 b aptLockHandle
00133848 00000004 b aptMessageFunc
0013384c 00000004 b aptMessageFuncData
00133850 00001000 b aptParameters
00134850 00000008 b aptReceiveEvent
00134858 00000004 b aptRefCount
0013485c 00000008 b aptSleepEvent
00134864 00000001 b flagInit.1
00134865 00000001 b flagValue.0
00134868 00000004 b serviceName.6
0013486c 00000006 b aVec
00134874 00000004 b cPos
00134878 00000006 b gRate
00134880 00000014 B hidEvents
00134894 00000004 B hidHandle
00134898 00000004 B hidMemHandle
0013489c 00000004 b hidRefCount
001348a0 00000004 B hidSharedMem
001348a4 00000004 b kDown
001348a8 00000004 b kHeld
001348ac 00000004 b kOld
001348b0 00000004 b kRepeat
001348b4 00000004 b kUp
001348b8 00000004 b tPos
001348bc 00000001 b usingIrrst
001348c0 00000004 b ptmSysmHandle
001348c4 00000004 b ptmSysmRefCount
001348c8 00000004 B __ctru_heap
001348cc 00000004 V __ctru_heap_size
001348d0 00000004 B __ctru_linear_heap
001348d4 00000004 V __ctru_linear_heap_size
001348d8 00000004 B __system_retAddr
001348dc 00000004 B __system_argc
001348e0 00000004 B __system_argv
001348e4 b saved_stack
001348ec 00000004 b arbiter
001348f0 00000004 b srvHandle
001348f4 00000004 b srvRefCount
001348f8 00000004 b currentAddr
001348fc 00000004 b maxAddr
00134900 00000004 b minAddr
00134904 00000004 b csPos
00134908 00000004 B irrstEvent
0013490c 00000004 B irrstHandle
00134910 00000004 B irrstMemHandle
00134914 00000004 b irrstRefCount
00134918 00000004 B irrstSharedMem
0013491c 00000004 b kHeld
00134920 00000004 b srvPmHandle
00134924 00000004 b archive_device_cwd
00134928 00000540 b archive_devices
00134e68 00000001 b archive_initialized
00134e70 00000080 b fsExemptArchives
00134ef0 00000004 b fsuHandle
00134ef4 00000004 b fsuRefCount
00134ef8 00000028 B __malloc_current_mallinfo
00134f20 00000004 B __malloc_max_sbrked_mem
00134f24 00000004 B __malloc_max_total_mem
00134f28 00000004 B __malloc_top_pad
00134f2c 00000004 b heap_start.0
00134f30 00000004 B fake_heap_end
00134f34 00000004 B fake_heap_start
00134f38 00000400 b temp_cwd
00135338 00000048 B __syscalls
00135380 B __tls_start
00135f88 B __bss_end__
00135f88 A __end__
00135f88 B __tls_end
